<?xml version="1.0" encoding="UTF-8"?>
<!-- Generated by org.testng.reporters.JUnitXMLReporter -->
<testsuite hostname="Swati" ignored="0" name="Test" tests="2" failures="0" timestamp="13 May 2020 08:22:07 GMT" time="230.524" errors="0">
  <testcase name="givenLoginPage_WhenEnterTheLoginDetail_ShouldLoginSuccessful" time="12.55" classname="com.bridgelabz.LoginTest"/>
  <testcase name="givenAuthorName_whenSearchBook_ShouldReturnThisBook" time="12.741" classname="com.bridgelabz.SearchTest"/>
</testsuite> <!-- Test -->
