<?xml version="1.0" encoding="UTF-8"?>
<testng-results skipped="0" failed="0" ignored="0" total="2" passed="2">
  <reporter-output>
  </reporter-output>
  <suite name="Suite" duration-ms="230524" started-at="2020-05-13T08:18:14Z" finished-at="2020-05-13T08:22:05Z">
    <groups>
    </groups>
    <test name="Test" duration-ms="230524" started-at="2020-05-13T08:18:14Z" finished-at="2020-05-13T08:22:05Z">
      <class name="com.bridgelabz.SearchTest">
        <test-method status="PASS" signature="setup()[pri:0, instance:com.bridgelabz.SearchTest@6646153]" name="setup" is-config="true" duration-ms="39598" started-at="2020-05-13T08:21:12Z" finished-at="2020-05-13T08:21:52Z">
          <reporter-output>
          </reporter-output>
        </test-method> <!-- setup -->
        <test-method status="PASS" signature="givenAuthorName_whenSearchBook_ShouldReturnThisBook()[pri:0, instance:com.bridgelabz.SearchTest@6646153]" name="givenAuthorName_whenSearchBook_ShouldReturnThisBook" duration-ms="12741" started-at="2020-05-13T08:21:52Z" finished-at="2020-05-13T08:22:05Z">
          <reporter-output>
          </reporter-output>
        </test-method> <!-- givenAuthorName_whenSearchBook_ShouldReturnThisBook -->
      </class> <!-- com.bridgelabz.SearchTest -->
      <class name="com.bridgelabz.LoginTest">
        <test-method status="PASS" signature="SetUp()[pri:0, instance:com.bridgelabz.LoginTest@78b1cc93]" name="SetUp" is-config="true" duration-ms="165148" started-at="2020-05-13T08:18:14Z" finished-at="2020-05-13T08:20:59Z">
          <reporter-output>
          </reporter-output>
        </test-method> <!-- SetUp -->
        <test-method status="PASS" signature="givenLoginPage_WhenEnterTheLoginDetail_ShouldLoginSuccessful()[pri:0, instance:com.bridgelabz.LoginTest@78b1cc93]" name="givenLoginPage_WhenEnterTheLoginDetail_ShouldLoginSuccessful" duration-ms="12550" started-at="2020-05-13T08:21:00Z" finished-at="2020-05-13T08:21:12Z">
          <reporter-output>
          </reporter-output>
        </test-method> <!-- givenLoginPage_WhenEnterTheLoginDetail_ShouldLoginSuccessful -->
      </class> <!-- com.bridgelabz.LoginTest -->
    </test> <!-- Test -->
  </suite> <!-- Suite -->
</testng-results>
